2026-02-25 12:20:09,417 - Orchestrator - INFO - [STACK_PROVISION_START] INFO: Initializing environment: comp264-edwin-1772030214
2026-02-25 12:20:09,417 - Orchestrator - INFO - [INFRA_START] INFO: Executing Table Creation...
2026-02-25 12:20:10,183 - Orchestrator - INFO - [COMPUTE_DEPLOY] INFO: Deploying LabelWorker Lambda...
2026-02-25 12:20:11,749 - Orchestrator - INFO - [WIRING_START] INFO: Establishing S3 Event Triggers...
2026-02-25 12:20:22,800 - Orchestrator - INFO - [PIPELINE_COMPLETE] INFO: All systems nominal.
2026-02-25 12:20:50,997 - Orchestrator - INFO - [STACK_PROVISION_START] INFO: Initializing environment: comp264-edwin-1772030214
2026-02-25 12:20:50,997 - Orchestrator - INFO - [INFRA_START] INFO: Executing Table Creation...
2026-02-25 12:20:51,736 - Orchestrator - INFO - [COMPUTE_DEPLOY] INFO: Deploying LabelWorker Lambda...
2026-02-25 12:20:53,233 - Orchestrator - INFO - [WIRING_START] INFO: Establishing S3 Event Triggers...
2026-02-25 12:21:06,443 - Orchestrator - INFO - [PIPELINE_COMPLETE] INFO: All systems nominal.
2026-02-25 12:21:33,204 - CloudInfraOrchestrator - INFO - [STACK_PROVISION_START] INFO: Initializing environment: comp264-edwin-1772030214
2026-02-25 12:21:33,204 - CloudInfraOrchestrator - INFO - [INFRA_START] INFO: Executing Table Creation...
2026-02-25 12:21:33,983 - CloudInfraOrchestrator - INFO - [COMPUTE_DEPLOY] INFO: Deploying LabelWorker Lambda...
2026-02-25 12:21:35,485 - CloudInfraOrchestrator - INFO - [WIRING_START] INFO: Establishing S3 Event Triggers...
2026-02-25 12:21:48,539 - CloudInfraOrchestrator - INFO - [PIPELINE_COMPLETE] INFO: All systems nominal.
2026-02-25 12:28:49,516 - CloudInfraOrchestrator - INFO - [STACK_PROVISION_START] INFO: Initializing environment: comp264-edwin-1772030214
2026-02-25 12:28:49,516 - CloudInfraOrchestrator - INFO - [INFRA_START] INFO: Executing Table Creation...
2026-02-25 12:28:50,409 - CloudInfraOrchestrator - INFO - [COMPUTE_DEPLOY] INFO: Deploying LabelWorker Lambda...
2026-02-25 12:28:54,101 - CloudInfraOrchestrator - ERROR - [PROVISIONING_ERROR] ERROR: Failed to build stack: An error occurred (InvalidParameterValueException) when calling the CreateFunction operation: The role defined for the function cannot be assumed by Lambda.
2026-02-25 12:32:55,579 - CloudInfraOrchestrator - INFO - [STACK_PROVISION_START] INFO: Initializing environment: comp264-edwin-1772030214
2026-02-25 12:32:55,579 - CloudInfraOrchestrator - INFO - [INFRA_START] INFO: Executing Table Creation...
2026-02-25 12:32:56,339 - CloudInfraOrchestrator - INFO - [COMPUTE_DEPLOY] INFO: Deploying LabelWorker Lambda...
2026-02-25 12:32:59,197 - CloudInfraOrchestrator - INFO - [WIRING_START] INFO: Establishing S3 Event Triggers...
2026-02-25 12:32:59,825 - CloudInfraOrchestrator - ERROR - [PROVISIONING_ERROR] ERROR: Failed to build stack: An error occurred (InvalidArgument) when calling the PutBucketNotificationConfiguration operation: Configurations overlap. Configurations on the same bucket cannot share a common event type.
2026-02-25 12:38:58,149 - CloudInfraOrchestrator - INFO - [STACK_PROVISION_START] INFO: Initializing environment: comp264-edwin-1772030214
2026-02-25 12:38:58,149 - CloudInfraOrchestrator - INFO - [INFRA_START] INFO: Executing Table Creation...
2026-02-25 12:38:58,901 - CloudInfraOrchestrator - INFO - [COMPUTE_DEPLOY] INFO: Deploying LabelWorker Lambda...
2026-02-25 12:39:02,260 - CloudInfraOrchestrator - INFO - [WIRING_START] INFO: Syncing all S3 triggers at once...
2026-02-25 12:39:02,922 - CloudInfraOrchestrator - ERROR - [PROVISIONING_ERROR] ERROR: Failed to build stack: An error occurred (InvalidArgument) when calling the PutBucketNotificationConfiguration operation: Configurations overlap. Configurations on the same bucket cannot share a common event type.
2026-02-25 12:42:21,951 - CloudInfraOrchestrator - INFO - [STACK_PROVISION_START] INFO: Initializing environment: comp264-edwin-1772030214
2026-02-25 12:42:21,951 - CloudInfraOrchestrator - INFO - [INFRA_START] INFO: Executing Table Creation...
2026-02-25 12:42:22,998 - CloudInfraOrchestrator - INFO - [COMPUTE_DEPLOY] INFO: Deploying LabelWorker Lambda...
2026-02-25 12:42:25,990 - CloudInfraOrchestrator - INFO - [WIRING_START] INFO: Syncing all S3 triggers at once...
2026-02-25 12:42:26,901 - CloudInfraOrchestrator - ERROR - [PROVISIONING_ERROR] ERROR: Failed to build stack: An error occurred (InvalidArgument) when calling the PutBucketNotificationConfiguration operation: Configurations overlap. Configurations on the same bucket cannot share a common event type.
2026-02-25 12:44:52,041 - CloudInfraOrchestrator - INFO - [STACK_PROVISION_START] INFO: Initializing environment: comp264-edwin-1772030214
2026-02-25 12:44:52,041 - CloudInfraOrchestrator - INFO - [INFRA_START] INFO: Executing Table Creation...
2026-02-25 12:44:52,806 - CloudInfraOrchestrator - INFO - [COMPUTE_DEPLOY] INFO: Deploying LabelWorker Lambda...
2026-02-25 12:44:55,786 - CloudInfraOrchestrator - INFO - [WIRING_START] INFO: Syncing all S3 triggers at once...
2026-02-25 12:44:56,626 - CloudInfraOrchestrator - ERROR - [PROVISIONING_ERROR] ERROR: Failed to build stack: An error occurred (InvalidArgument) when calling the PutBucketNotificationConfiguration operation: Configurations overlap. Configurations on the same bucket cannot share a common event type.
2026-02-25 12:48:10,898 - CloudInfraOrchestrator - INFO - [STACK_PROVISION_START] INFO: Initializing environment: comp264-edwin-1772030214
2026-02-25 12:48:10,898 - CloudInfraOrchestrator - INFO - [INFRA_START] INFO: Executing Table Creation...
2026-02-25 12:48:11,639 - CloudInfraOrchestrator - INFO - [COMPUTE_DEPLOY] INFO: Deploying LabelWorker Lambda...
2026-02-25 12:48:24,407 - CloudInfraOrchestrator - INFO - [WIRING_START] INFO: Syncing all S3 triggers at once...
2026-02-25 12:48:25,293 - CloudInfraOrchestrator - ERROR - [PROVISIONING_ERROR] ERROR: Failed to build stack: 'FileAuditLogger' object has no attribute 'info'
2026-02-25 12:49:50,183 - CloudInfraOrchestrator - INFO - [STACK_PROVISION_START] INFO: Initializing environment: comp264-edwin-1772030214
2026-02-25 12:49:50,183 - CloudInfraOrchestrator - INFO - [INFRA_START] INFO: Executing Table Creation...
2026-02-25 12:49:50,968 - CloudInfraOrchestrator - INFO - [COMPUTE_DEPLOY] INFO: Deploying LabelWorker Lambda...
2026-02-25 12:49:52,426 - CloudInfraOrchestrator - INFO - [WIRING_START] INFO: Syncing all S3 triggers at once...
2026-02-25 12:50:05,491 - CloudInfraOrchestrator - INFO - [PIPELINE_COMPLETE] INFO: All systems nominal.
2026-02-25 12:53:31,132 - CloudInfraOrchestrator - INFO - [STACK_PROVISION_START] INFO: Initializing environment: comp264-edwin-1772030214
2026-02-25 12:53:31,132 - CloudInfraOrchestrator - INFO - [INFRA_START] INFO: Executing Table Creation...
2026-02-25 12:53:31,962 - CloudInfraOrchestrator - INFO - [COMPUTE_DEPLOY] INFO: Deploying LabelWorker Lambda...
2026-02-25 12:53:35,116 - CloudInfraOrchestrator - INFO - [WIRING_START] INFO: Syncing all S3 triggers at once...
2026-02-25 12:53:49,812 - CloudInfraOrchestrator - INFO - [PIPELINE_COMPLETE] INFO: All systems nominal.
2026-02-25 12:57:23,189 - CloudInfraOrchestrator - INFO - [STACK_PROVISION_START] INFO: Initializing environment: comp264-edwin-1772030214
2026-02-25 12:57:23,189 - CloudInfraOrchestrator - INFO - [INFRA_START] INFO: Executing Table Creation...
2026-02-25 12:57:24,026 - CloudInfraOrchestrator - INFO - [COMPUTE_DEPLOY] INFO: Deploying LabelWorker Lambda...
2026-02-25 12:57:27,140 - CloudInfraOrchestrator - INFO - [WIRING_START] INFO: Syncing all S3 triggers at once...
2026-02-25 12:57:41,337 - CloudInfraOrchestrator - INFO - [PIPELINE_COMPLETE] INFO: All systems nominal.
2026-02-25 13:02:43,548 - CloudInfraOrchestrator - INFO - [STACK_PROVISION_START] INFO: Initializing environment: comp264-edwin-1772030214
2026-02-25 13:02:43,549 - CloudInfraOrchestrator - INFO - [INFRA_START] INFO: Executing Table Creation...
2026-02-25 13:02:44,291 - CloudInfraOrchestrator - INFO - [COMPUTE_DEPLOY] INFO: Deploying LabelWorker Lambda...
2026-02-25 13:02:47,264 - CloudInfraOrchestrator - INFO - [WIRING_START] INFO: Syncing all S3 triggers at once...
2026-02-25 13:02:49,031 - CloudInfraOrchestrator - ERROR - [PROVISIONING_ERROR] ERROR: Failed to build stack: An error occurred (ValidationException) when calling the AddPermission operation: 1 validation error detected: Value 'arn:aws:events:*:*:rule/comp264-edwin-1772030214-fanout-rule' at 'sourceArn' failed to satisfy constraint: Member must satisfy regular expression pattern: arn:(aws[a-zA-Z0-9-]*):([a-zA-Z0-9\-])+:((eusc-)?[a-z]{2}((-gov)|(-iso([a-z]?)))?-[a-z]+-\d{1})?:(\d{12})?:(.*)
2026-02-25 13:03:35,163 - CloudInfraOrchestrator - INFO - [STACK_PROVISION_START] INFO: Initializing environment: comp264-edwin-1772030214
2026-02-25 13:03:35,164 - CloudInfraOrchestrator - INFO - [INFRA_START] INFO: Executing Table Creation...
2026-02-25 13:03:35,966 - CloudInfraOrchestrator - INFO - [COMPUTE_DEPLOY] INFO: Deploying LabelWorker Lambda...
2026-02-25 13:03:38,963 - CloudInfraOrchestrator - INFO - [WIRING_START] INFO: Syncing all S3 triggers at once...
2026-02-25 13:03:54,089 - CloudInfraOrchestrator - INFO - [PIPELINE_COMPLETE] INFO: All systems nominal.
2026-02-25 13:08:25,457 - CloudInfraOrchestrator - INFO - [STACK_PROVISION_START] INFO: Initializing environment: comp264-edwin-1772030214
2026-02-25 13:08:25,457 - CloudInfraOrchestrator - INFO - [INFRA_START] INFO: Executing Table Creation...
2026-02-25 13:08:26,226 - CloudInfraOrchestrator - INFO - [COMPUTE_DEPLOY] INFO: Deploying LabelWorker Lambda...
2026-02-25 13:08:29,012 - CloudInfraOrchestrator - INFO - [WIRING_START] INFO: Syncing all S3 triggers at once...
2026-02-25 13:08:43,706 - CloudInfraOrchestrator - INFO - [PIPELINE_COMPLETE] INFO: All systems nominal.
2026-02-25 13:10:28,840 - CloudInfraOrchestrator - INFO - [STACK_PROVISION_START] INFO: Initializing environment: comp264-edwin-1772030214
2026-02-25 13:10:28,840 - CloudInfraOrchestrator - INFO - [INFRA_START] INFO: Executing Table Creation...
2026-02-25 13:10:29,595 - CloudInfraOrchestrator - INFO - [COMPUTE_DEPLOY] INFO: Deploying LabelWorker Lambda...
2026-02-25 13:10:32,312 - CloudInfraOrchestrator - INFO - [WIRING_START] INFO: Syncing all S3 triggers at once...
2026-02-25 13:10:47,198 - CloudInfraOrchestrator - INFO - [PIPELINE_COMPLETE] INFO: All systems nominal.
2026-02-25 13:27:24,774 - CloudInfraOrchestrator - INFO - [STACK_PROVISION_START] INFO: Initializing environment: comp264-edwin-1772030214
2026-02-25 13:27:24,775 - CloudInfraOrchestrator - INFO - [INFRA_START] INFO: Executing Table Creation...
2026-02-25 13:27:25,718 - CloudInfraOrchestrator - INFO - [COMPUTE_DEPLOY] INFO: Deploying LabelWorker Lambda...
2026-02-25 13:27:28,481 - CloudInfraOrchestrator - INFO - [WIRING_START] INFO: Syncing all S3 triggers at once...
2026-02-25 13:27:31,351 - CloudInfraOrchestrator - ERROR - [PROVISIONING_ERROR] ERROR: Failed to build stack: An error occurred (InvalidParameterValueException) when calling the CreateEventSourceMapping operation: Function does not exist
2026-02-25 13:30:21,294 - CloudInfraOrchestrator - INFO - [STACK_PROVISION_START] INFO: Initializing environment: comp264-edwin-1772030214
2026-02-25 13:30:21,294 - CloudInfraOrchestrator - INFO - [INFRA_START] INFO: Executing Table Creation...
2026-02-25 13:31:05,449 - CloudInfraOrchestrator - INFO - [PIPELINE_COMPLETE] INFO: All systems nominal.
2026-02-25 13:39:07,928 - CloudInfraOrchestrator - INFO - [STACK_PROVISION_START] INFO: Initializing environment: comp264-edwin-1772030214
2026-02-25 13:39:07,928 - CloudInfraOrchestrator - INFO - [INFRA_START] INFO: Executing Table Creation...
2026-02-25 13:39:38,691 - CloudInfraOrchestrator - INFO - [PIPELINE_COMPLETE] INFO: All systems nominal.
2026-02-25 14:03:39,182 - CloudInfraOrchestrator - INFO - [STACK_PROVISION_START] INFO: Initializing environment: comp264-edwin-1772030214
2026-02-25 14:03:39,182 - CloudInfraOrchestrator - INFO - [INFRA_START] INFO: Executing Table Creation...
2026-02-25 14:04:09,874 - CloudInfraOrchestrator - INFO - [PIPELINE_COMPLETE] INFO: All systems nominal.
2026-02-25 16:05:57,504 - CloudInfraOrchestrator - INFO - [STACK_PROVISION_START] INFO: Initializing environment: comp264-edwin-1772030214
2026-02-25 16:05:57,504 - CloudInfraOrchestrator - INFO - [INFRA_START] INFO: Executing Table Creation...
2026-02-25 16:06:02,492 - CloudInfraOrchestrator - ERROR - [PROVISIONING_ERROR] ERROR: Failed to build stack: SystemManager.add_worker() got an unexpected keyword argument 'env_vars'
2026-02-25 16:07:20,930 - CloudInfraOrchestrator - INFO - [STACK_PROVISION_START] INFO: Initializing environment: comp264-edwin-1772030214
2026-02-25 16:07:20,930 - CloudInfraOrchestrator - INFO - [INFRA_START] INFO: Executing Table Creation...
2026-02-25 16:07:21,913 - CloudInfraOrchestrator - ERROR - [PROVISIONING_ERROR] ERROR: Failed to build stack: 'SystemManager' object has no attribute 'worker_manager'
2026-02-25 16:14:02,405 - CloudInfraOrchestrator - INFO - [STACK_PROVISION_START] INFO: Initializing environment: comp264-edwin-1772030214
2026-02-25 16:14:02,405 - CloudInfraOrchestrator - INFO - [INFRA_START] INFO: Executing Table Creation...
2026-02-25 16:14:03,347 - CloudInfraOrchestrator - ERROR - [PROVISIONING_ERROR] ERROR: Failed to build stack: 'CloudWorkerManager' object has no attribute 'deploy_worker'
2026-02-25 16:16:02,289 - CloudInfraOrchestrator - INFO - [STACK_PROVISION_START] INFO: Initializing environment: comp264-edwin-1772030214
2026-02-25 16:16:02,289 - CloudInfraOrchestrator - INFO - [INFRA_START] INFO: Executing Table Creation...
2026-02-25 16:16:16,771 - CloudInfraOrchestrator - ERROR - [PROVISIONING_ERROR] ERROR: Failed to build stack: An error occurred (ResourceConflictException) when calling the UpdateFunctionConfiguration operation: The operation cannot be performed at this time. An update is in progress for resource: arn:aws:lambda:us-east-1:347363495084:function:LabelWorker
2026-02-25 16:17:32,161 - CloudInfraOrchestrator - INFO - [STACK_PROVISION_START] INFO: Initializing environment: comp264-edwin-1772030214
2026-02-25 16:17:32,162 - CloudInfraOrchestrator - INFO - [INFRA_START] INFO: Executing Table Creation...
2026-02-25 16:17:42,079 - CloudInfraOrchestrator - ERROR - [PROVISIONING_ERROR] ERROR: Failed to build stack: An error occurred (ResourceNotFoundException) when calling the GetFunction operation: Function not found: arn:aws:lambda:us-east-1:347363495084:function:us-east-1
2026-02-25 16:20:26,149 - CloudInfraOrchestrator - INFO - [STACK_PROVISION_START] INFO: Initializing environment: comp264-edwin-1772030214
2026-02-25 16:20:26,150 - CloudInfraOrchestrator - INFO - [INFRA_START] INFO: Executing Table Creation...
2026-02-25 16:21:05,966 - CloudInfraOrchestrator - INFO - [PIPELINE_COMPLETE] INFO: All systems nominal.
2026-02-25 16:25:05,694 - CloudInfraOrchestrator - INFO - [STACK_PROVISION_START] INFO: Initializing environment: comp264-edwin-1772030214
2026-02-25 16:25:05,694 - CloudInfraOrchestrator - INFO - [INFRA_START] INFO: Executing Table Creation...
2026-02-25 16:25:48,837 - CloudInfraOrchestrator - INFO - [PIPELINE_COMPLETE] INFO: All systems nominal.
2026-02-25 17:06:44,567 - CloudInfraOrchestrator - INFO - [STACK_PROVISION_START] INFO: Initializing environment: comp264-edwin-1772030214
2026-02-25 17:06:44,567 - CloudInfraOrchestrator - INFO - [INFRA_START] INFO: Executing Table Creation...
2026-02-25 17:07:30,231 - CloudInfraOrchestrator - INFO - [PIPELINE_COMPLETE] INFO: All systems nominal.
2026-02-25 17:18:41,726 - CloudInfraOrchestrator - INFO - [STACK_PROVISION_START] INFO: Initializing environment: comp264-edwin-1772030214
2026-02-25 17:18:41,726 - CloudInfraOrchestrator - INFO - [INFRA_START] INFO: Executing Table Creation...
2026-02-25 17:19:25,961 - CloudInfraOrchestrator - INFO - [PIPELINE_COMPLETE] INFO: All systems nominal.
2026-02-25 17:24:09,425 - CloudInfraOrchestrator - INFO - [STACK_PROVISION_START] INFO: Initializing environment: comp264-edwin-1772030214
2026-02-25 17:24:09,425 - CloudInfraOrchestrator - INFO - [INFRA_START] INFO: Executing Table Creation...
2026-02-25 17:24:58,784 - CloudInfraOrchestrator - INFO - [PIPELINE_COMPLETE] INFO: All systems nominal.
